brolygon@brolygon:~/Documents/polygon/aggkit/test/e2e/envs/op-pp$ docker compose logs -f validator 
cdk-20260216-212314-validator  | Validator entrypoint: Waiting for beacon API...
cdk-20260216-212314-validator  |   ✓ Beacon API is responding
cdk-20260216-212314-validator  | Starting Teku validator client...
cdk-20260216-212314-validator  | 2026-02-20T17:10:00.641566312Z main INFO Starting configuration XmlConfiguration[location=jar:file:/opt/teku/lib/teku-infrastructure-logging-24.12.0.jar!/log4j2.xml, lastModified=2024-12-12T10:41:25Z]...
cdk-20260216-212314-validator  | 2026-02-20T17:10:00.643841879Z main INFO Start watching for changes to jar:file:/opt/teku/lib/teku-infrastructure-logging-24.12.0.jar!/log4j2.xml every 0 seconds
cdk-20260216-212314-validator  | 2026-02-20T17:10:00.644264357Z main INFO Configuration XmlConfiguration[location=jar:file:/opt/teku/lib/teku-infrastructure-logging-24.12.0.jar!/log4j2.xml, lastModified=2024-12-12T10:41:25Z] started.
cdk-20260216-212314-validator  | 2026-02-20T17:10:00.646567786Z main INFO Stopping configuration org.apache.logging.log4j.core.config.DefaultConfiguration@59e32960...
cdk-20260216-212314-validator  | 2026-02-20T17:10:00.647187654Z main INFO Configuration org.apache.logging.log4j.core.config.DefaultConfiguration@59e32960 stopped.
cdk-20260216-212314-validator  | 2026-02-20T17:10:01.301648683Z main INFO Setting logging level to INFO
cdk-20260216-212314-validator  | 2026-02-20T17:10:01.303965148Z main INFO Configuring logging for destination: console and file
cdk-20260216-212314-validator  | 2026-02-20T17:10:01.304151598Z main INFO Logging file location: /data/teku-vc/logs/teku-validator.log
cdk-20260216-212314-validator  | 2026-02-20T17:10:01.304243537Z main INFO Logging includes events: true
cdk-20260216-212314-validator  | 2026-02-20T17:10:01.304338460Z main INFO Logging includes validator duties: true
cdk-20260216-212314-validator  | 2026-02-20T17:10:01.304422327Z main INFO Logging includes color: true
cdk-20260216-212314-validator  | 2026-02-20T17:10:01.336723564Z main INFO Include P2P warnings set to: false
cdk-20260216-212314-validator  | 17:10:01.976 INFO  - Teku version: teku/v24.12.0/linux-x86_64/-eclipseadoptium-openjdk64bitservervm-java-21
cdk-20260216-212314-validator  | 17:10:01.981 INFO  - This software is licensed under the Apache License, Version 2.0 (the "License"); you may not use this software except in compliance with the License. You may obtain a copy of the License at http://www.apache.org/licenses/LICENSE-2.0
cdk-20260216-212314-validator  | 17:10:02.160 INFO  - Configuration | Network: empty, Storage Mode: MINIMAL
cdk-20260216-212314-validator  | 17:10:02.161 INFO  - Host Configuration | Maximum Heap Size: 7.71 GB, Total Memory: 30.85 GB, CPU Cores: 22
cdk-20260216-212314-validator  | 17:10:02.161 INFO  - Rest Api Configuration | Enabled: false
cdk-20260216-212314-validator  | 17:10:02.161 INFO  - Validator Api Configuration | Listen Address: 0.0.0.0, Port 5052, Allow: [127.0.0.1, localhost]
cdk-20260216-212314-validator  | 17:10:02.464 INFO  - Storing validator data in: /data/teku-vc/validator
cdk-20260216-212314-validator  | 17:10:02.685 INFO  - Loading 128 validator keys...
cdk-20260216-212314-validator  | 17:10:02.750 INFO  - Loaded validator key 10 of 128.
cdk-20260216-212314-validator  | 17:10:02.752 INFO  - Loaded validator key 20 of 128.
cdk-20260216-212314-validator  | 17:10:02.755 INFO  - Loaded validator key 30 of 128.
cdk-20260216-212314-validator  | 17:10:02.756 INFO  - Loaded validator key 40 of 128.
cdk-20260216-212314-validator  | 17:10:02.758 INFO  - Loaded validator key 50 of 128.
cdk-20260216-212314-validator  | 17:10:02.760 INFO  - Loaded validator key 60 of 128.
cdk-20260216-212314-validator  | 17:10:02.762 INFO  - Loaded validator key 70 of 128.
cdk-20260216-212314-validator  | 17:10:02.765 INFO  - Loaded validator key 80 of 128.
cdk-20260216-212314-validator  | 17:10:02.767 INFO  - Loaded validator key 90 of 128.
cdk-20260216-212314-validator  | 17:10:02.770 INFO  - Loaded validator key 100 of 128.
cdk-20260216-212314-validator  | 17:10:02.774 INFO  - Loaded validator key 110 of 128.
cdk-20260216-212314-validator  | 17:10:02.777 INFO  - Loaded validator key 120 of 128.
cdk-20260216-212314-validator  | 17:10:02.783 INFO  - Loaded 128 validators
cdk-20260216-212314-validator  | 17:10:02.902 INFO  - Validator   *** Successfully connected to beacon node event stream
cdk-20260216-212314-validator  | 17:10:03.027 WARN  - Validator   *** Slashing protection not loaded for validators: 889dbdf, 8d46e9a, aaddb0c, aa8ec70, 99377a4, b222557, b26fae5, 958b57a, 8a8bb29, a8d747a, b0d4372, 8dfa86c, 92b6871, b72cb10, 978eb7a, a35c600, 889fd95, 81b6765, ad9222d, b24391a… (128 total)
cdk-20260216-212314-validator  | 17:10:03.453 INFO  - Validator   *** Published block              Count: 1, Slot: 417, Root: 8313f4610f51f29658726525137c1791ff36dc83df0d892ff2d44ec2c3aa56d6, Blobs: 1, 456642 (0%) gas, EL block: 74e0c31aeb8aba9f09c77c2beed422895227f5931feba4f0ba8be60bde49d752 (385)
cdk-20260216-212314-validator  | 17:10:03.544 INFO  - Validator   *** Published sync_signature     Count: 32, Slot: 417, Root: 8313f4610f51f29658726525137c1791ff36dc83df0d892ff2d44ec2c3aa56d6
cdk-20260216-212314-validator  | 17:10:03.598 INFO  - Validator   *** Published attestation        Count: 16, Slot: 417, Root: 8313f4610f51f29658726525137c1791ff36dc83df0d892ff2d44ec2c3aa56d6
cdk-20260216-212314-validator  | 17:10:04.396 INFO  - Validator   *** Published aggregate          Count: 4, Slot: 417, Root: 8313f4610f51f29658726525137c1791ff36dc83df0d892ff2d44ec2c3aa56d6
cdk-20260216-212314-validator  | 17:10:04.464 INFO  - Validator   *** Published sync_contribution  Count: 32, Slot: 417, Root: 8313f4610f51f29658726525137c1791ff36dc83df0d892ff2d44ec2c3aa56d6
cdk-20260216-212314-validator  | 17:10:05.083 INFO  - Validator   *** Published block              Count: 1, Slot: 418, Root: de7e93a98fd6fed58c100425a5d47ccd843533ceae362c1f4612e101e5a33635, Blobs: 0, 0 (0%) gas, EL block: 7b105192e99f2175f27cc44a1eb9369fbbe5dbc04ce32fb07935b0aaf1f59079 (386)
cdk-20260216-212314-validator  | 17:10:05.123 INFO  - Validator   *** Published sync_signature     Count: 32, Slot: 418, Root: de7e93a98fd6fed58c100425a5d47ccd843533ceae362c1f4612e101e5a33635
cdk-20260216-212314-validator  | 17:10:05.164 INFO  - Validator   *** Published attestation        Count: 16, Slot: 418, Root: de7e93a98fd6fed58c100425a5d47ccd843533ceae362c1f4612e101e5a33635
cdk-20260216-212314-validator  | 17:10:06.387 INFO  - Validator   *** Published aggregate          Count: 4, Slot: 418, Root: de7e93a98fd6fed58c100425a5d47ccd843533ceae362c1f4612e101e5a33635
cdk-20260216-212314-validator  | 17:10:06.416 INFO  - Validator   *** Published sync_contribution  Count: 32, Slot: 418, Root: de7e93a98fd6fed58c100425a5d47ccd843533ceae362c1f4612e101e5a33635
cdk-20260216-212314-validator  | 17:10:07.059 INFO  - Validator   *** Published block              Count: 1, Slot: 419, Root: 89536da414aa42216aa09a2be3a2525cc0a03d2206d7b0048c56e4c42bcb51bf, Blobs: 0, 0 (0%) gas, EL block: 810a04361b844d52060b6cc3f67f1b74ea4a920cd46bf3d78c0d886053328026 (387)
cdk-20260216-212314-validator  | 17:10:07.085 INFO  - Validator   *** Published sync_signature     Count: 32, Slot: 419, Root: 89536da414aa42216aa09a2be3a2525cc0a03d2206d7b0048c56e4c42bcb51bf
cdk-20260216-212314-validator  | 17:10:07.130 INFO  - Validator   *** Published attestation        Count: 16, Slot: 419, Root: 89536da414aa42216aa09a2be3a2525cc0a03d2206d7b0048c56e4c42bcb51bf
cdk-20260216-212314-validator  | 17:10:07.843 INFO  - 128 validators are in active_ongoing state.
cdk-20260216-212314-validator  | 17:10:08.388 INFO  - Validator   *** Published aggregate          Count: 4, Slot: 419, Root: 89536da414aa42216aa09a2be3a2525cc0a03d2206d7b0048c56e4c42bcb51bf
cdk-20260216-212314-validator  | 17:10:08.415 INFO  - Validator   *** Published sync_contribution  Count: 32, Slot: 419, Root: 89536da414aa42216aa09a2be3a2525cc0a03d2206d7b0048c56e4c42bcb51bf
cdk-20260216-212314-validator  | 17:10:09.056 INFO  - Validator   *** Published block              Count: 1, Slot: 420, Root: 2bda36613d538089ea92ac629419692b8ab98aeaa83165e2b6a628081c165749, Blobs: 0, 0 (0%) gas, EL block: 41baedda86932f15d6a54f538ee9df8c019f379240c2e4617e815a56f5bbf74b (388)
cdk-20260216-212314-validator  | 17:10:09.087 INFO  - Validator   *** Published sync_signature     Count: 32, Slot: 420, Root: 2bda36613d538089ea92ac629419692b8ab98aeaa83165e2b6a628081c165749
cdk-20260216-212314-validator  | 17:10:09.128 INFO  - Validator   *** Published attestation        Count: 16, Slot: 420, Root: 2bda36613d538089ea92ac629419692b8ab98aeaa83165e2b6a628081c165749
cdk-20260216-212314-validator  | 17:10:10.384 INFO  - Validator   *** Published aggregate          Count: 4, Slot: 420, Root: 2bda36613d538089ea92ac629419692b8ab98aeaa83165e2b6a628081c165749
cdk-20260216-212314-validator  | 17:10:10.414 INFO  - Validator   *** Published sync_contribution  Count: 32, Slot: 420, Root: 2bda36613d538089ea92ac629419692b8ab98aeaa83165e2b6a628081c165749
cdk-20260216-212314-validator  | 17:10:11.064 INFO  - Validator   *** Published block              Count: 1, Slot: 421, Root: 1f210ee6153085f52640d10d21a8ab80f67bb8b071501ccfe120e4075b7a9250, Blobs: 0, 0 (0%) gas, EL block: 04b67866604b92491f3ad6bdefac96b13eb162b614bffecbce1cff3eaf5515c5 (389)
cdk-20260216-212314-validator  | 17:10:11.087 INFO  - Validator   *** Published sync_signature     Count: 32, Slot: 421, Root: 1f210ee6153085f52640d10d21a8ab80f67bb8b071501ccfe120e4075b7a9250
cdk-20260216-212314-validator  | 17:10:11.127 INFO  - Validator   *** Published attestation        Count: 16, Slot: 421, Root: 1f210ee6153085f52640d10d21a8ab80f67bb8b071501ccfe120e4075b7a9250
cdk-20260216-212314-validator  | 17:10:12.384 INFO  - Validator   *** Published aggregate          Count: 4, Slot: 421, Root: 1f210ee6153085f52640d10d21a8ab80f67bb8b071501ccfe120e4075b7a9250
cdk-20260216-212314-validator  | 17:10:12.410 INFO  - Validator   *** Published sync_contribution  Count: 32, Slot: 421, Root: 1f210ee6153085f52640d10d21a8ab80f67bb8b071501ccfe120e4075b7a9250
cdk-20260216-212314-validator  | 17:10:13.069 INFO  - Validator   *** Published block              Count: 1, Slot: 422, Root: ffa52f88e7af38f7ed7cba27d48e0d4f77da4879b00392386ffd35d5a60d1f57, Blobs: 0, 0 (0%) gas, EL block: c82bc5b02738fe33444154a5ee779f1bee438d02c0a17381bdf4047364cd0afa (390)
cdk-20260216-212314-validator  | 17:10:13.104 INFO  - Validator   *** Published sync_signature     Count: 32, Slot: 422, Root: ffa52f88e7af38f7ed7cba27d48e0d4f77da4879b00392386ffd35d5a60d1f57
cdk-20260216-212314-validator  | 17:10:13.138 INFO  - Validator   *** Published attestation        Count: 16, Slot: 422, Root: ffa52f88e7af38f7ed7cba27d48e0d4f77da4879b00392386ffd35d5a60d1f57
cdk-20260216-212314-validator  | 17:10:14.388 INFO  - Validator   *** Published aggregate          Count: 4, Slot: 422, Root: ffa52f88e7af38f7ed7cba27d48e0d4f77da4879b00392386ffd35d5a60d1f57
cdk-20260216-212314-validator  | 17:10:14.422 INFO  - Validator   *** Published sync_contribution  Count: 32, Slot: 422, Root: ffa52f88e7af38f7ed7cba27d48e0d4f77da4879b00392386ffd35d5a60d1f57
cdk-20260216-212314-validator  | 17:10:15.063 INFO  - Validator   *** Published block              Count: 1, Slot: 423, Root: ecc103f57e9acf7187672ee9ead7a3324e13b0591fb57b0420861d80aa5a9456, Blobs: 0, 0 (0%) gas, EL block: 50072db250797092d8853231ec4fdb2766cf987328f8ad331be340a75ae78cff (391)
cdk-20260216-212314-validator  | 17:10:15.089 INFO  - Validator   *** Published sync_signature     Count: 32, Slot: 423, Root: ecc103f57e9acf7187672ee9ead7a3324e13b0591fb57b0420861d80aa5a9456
cdk-20260216-212314-validator  | 17:10:15.120 INFO  - Validator   *** Published attestation        Count: 16, Slot: 423, Root: ecc103f57e9acf7187672ee9ead7a3324e13b0591fb57b0420861d80aa5a9456
cdk-20260216-212314-validator  | 17:10:16.381 INFO  - Validator   *** Published aggregate          Count: 4, Slot: 423, Root: ecc103f57e9acf7187672ee9ead7a3324e13b0591fb57b0420861d80aa5a9456
cdk-20260216-212314-validator  | 17:10:16.405 INFO  - Validator   *** Published sync_contribution  Count: 32, Slot: 423, Root: ecc103f57e9acf7187672ee9ead7a3324e13b0591fb57b0420861d80aa5a9456
cdk-20260216-212314-validator  | 17:10:17.078 INFO  - Validator   *** Published block              Count: 1, Slot: 424, Root: 4853418e357aebcf111b73f6d413eedb6f68caa595146e7c90c3106a9e4d864c, Blobs: 0, 0 (0%) gas, EL block: e801f4c518a70a98a781019e432955f4db9b820e898239ab306e7ea5ca83e019 (392)
cdk-20260216-212314-validator  | 17:10:17.106 INFO  - Validator   *** Published sync_signature     Count: 32, Slot: 424, Root: 4853418e357aebcf111b73f6d413eedb6f68caa595146e7c90c3106a9e4d864c
cdk-20260216-212314-validator  | 17:10:17.143 INFO  - Validator   *** Published attestation        Count: 16, Slot: 424, Root: 4853418e357aebcf111b73f6d413eedb6f68caa595146e7c90c3106a9e4d864c
cdk-20260216-212314-validator  | 17:10:18.380 INFO  - Validator   *** Published aggregate          Count: 4, Slot: 424, Root: 4853418e357aebcf111b73f6d413eedb6f68caa595146e7c90c3106a9e4d864c
cdk-20260216-212314-validator  | 17:10:18.409 INFO  - Validator   *** Published sync_contribution  Count: 32, Slot: 424, Root: 4853418e357aebcf111b73f6d413eedb6f68caa595146e7c90c3106a9e4d864c
cdk-20260216-212314-validator  | 17:10:19.056 INFO  - Validator   *** Published block              Count: 1, Slot: 425, Root: 111cb7542546bba478a7c6a17bf6bc8080ed411077b6fb115c491aab5195ca56, Blobs: 0, 0 (0%) gas, EL block: ca2696cd54b96e61d92c64122cd7fd1e7a7a9ec0ed24a4059eca51657a0113df (393)
cdk-20260216-212314-validator  | 17:10:19.086 INFO  - Validator   *** Published sync_signature     Count: 32, Slot: 425, Root: 111cb7542546bba478a7c6a17bf6bc8080ed411077b6fb115c491aab5195ca56
cdk-20260216-212314-validator  | 17:10:19.119 INFO  - Validator   *** Published attestation        Count: 16, Slot: 425, Root: 111cb7542546bba478a7c6a17bf6bc8080ed411077b6fb115c491aab5195ca56
cdk-20260216-212314-validator  | 17:10:20.382 INFO  - Validator   *** Published aggregate          Count: 4, Slot: 425, Root: 111cb7542546bba478a7c6a17bf6bc8080ed411077b6fb115c491aab5195ca56
cdk-20260216-212314-validator  | 17:10:20.410 INFO  - Validator   *** Published sync_contribution  Count: 32, Slot: 425, Root: 111cb7542546bba478a7c6a17bf6bc8080ed411077b6fb115c491aab5195ca56
cdk-20260216-212314-validator  | 17:10:21.057 INFO  - Validator   *** Published block              Count: 1, Slot: 426, Root: 7349e44e4068988745eb6eba54216ff2827db35fc2a74d74245c910c46e25879, Blobs: 0, 0 (0%) gas, EL block: c2d8e827683e4c2798f9ba1e91053d94fc1e5b701f519e7a6b01588b72368702 (394)
cdk-20260216-212314-validator  | 17:10:21.077 INFO  - Validator   *** Published sync_signature     Count: 32, Slot: 426, Root: 7349e44e4068988745eb6eba54216ff2827db35fc2a74d74245c910c46e25879
cdk-20260216-212314-validator  | 17:10:21.117 INFO  - Validator   *** Published attestation        Count: 16, Slot: 426, Root: 7349e44e4068988745eb6eba54216ff2827db35fc2a74d74245c910c46e25879
cdk-20260216-212314-validator  | 17:10:22.375 INFO  - Validator   *** Published aggregate          Count: 4, Slot: 426, Root: 7349e44e4068988745eb6eba54216ff2827db35fc2a74d74245c910c46e25879
cdk-20260216-212314-validator  | 17:10:22.403 INFO  - Validator   *** Published sync_contribution  Count: 32, Slot: 426, Root: 7349e44e4068988745eb6eba54216ff2827db35fc2a74d74245c910c46e25879
cdk-20260216-212314-validator  | 17:10:23.056 INFO  - Validator   *** Published block              Count: 1, Slot: 427, Root: 767ff1344eba92cc3e6711a0fdd011101e7baf981252516f344dac905cc4b5cd, Blobs: 0, 0 (0%) gas, EL block: c361c996c659f0309ed884467d55d4b4eedfa8e6d7a51613bb03bfffc33c5b4d (395)
cdk-20260216-212314-validator  | 17:10:23.081 INFO  - Validator   *** Published sync_signature     Count: 32, Slot: 427, Root: 767ff1344eba92cc3e6711a0fdd011101e7baf981252516f344dac905cc4b5cd
cdk-20260216-212314-validator  | 17:10:23.115 INFO  - Validator   *** Published attestation        Count: 16, Slot: 427, Root: 767ff1344eba92cc3e6711a0fdd011101e7baf981252516f344dac905cc4b5cd
cdk-20260216-212314-validator  | 17:10:24.382 INFO  - Validator   *** Published aggregate          Count: 4, Slot: 427, Root: 767ff1344eba92cc3e6711a0fdd011101e7baf981252516f344dac905cc4b5cd
cdk-20260216-212314-validator  | 17:10:24.412 INFO  - Validator   *** Published sync_contribution  Count: 32, Slot: 427, Root: 767ff1344eba92cc3e6711a0fdd011101e7baf981252516f344dac905cc4b5cd
cdk-20260216-212314-validator  | 17:10:25.054 INFO  - Validator   *** Published block              Count: 1, Slot: 428, Root: 0a007531f582dc73d544c12a9871c6debeae1db3369e94588247cc3582878912, Blobs: 0, 0 (0%) gas, EL block: 27250dbb3a1b75935cb66580cc0e49519290b9c46be921a42fe756faa569a838 (396)
cdk-20260216-212314-validator  | 17:10:25.078 INFO  - Validator   *** Published sync_signature     Count: 32, Slot: 428, Root: 0a007531f582dc73d544c12a9871c6debeae1db3369e94588247cc3582878912
cdk-20260216-212314-validator  | 17:10:25.159 INFO  - Validator   *** Published attestation        Count: 16, Slot: 428, Root: 0a007531f582dc73d544c12a9871c6debeae1db3369e94588247cc3582878912
cdk-20260216-212314-validator  | 17:10:26.377 INFO  - Validator   *** Published aggregate          Count: 4, Slot: 428, Root: 0a007531f582dc73d544c12a9871c6debeae1db3369e94588247cc3582878912
cdk-20260216-212314-validator  | 17:10:26.405 INFO  - Validator   *** Published sync_contribution  Count: 32, Slot: 428, Root: 0a007531f582dc73d544c12a9871c6debeae1db3369e94588247cc3582878912
cdk-20260216-212314-validator  | 17:10:27.052 INFO  - Validator   *** Published block              Count: 1, Slot: 429, Root: 67376f160cf51e400d0429ea0c297348cca9d9f0f5a1d1c295ce67be80f83301, Blobs: 0, 0 (0%) gas, EL block: 8d2d45d7b27992e3de8e1888497d353c5312f62e9105ffe9d2adbe11b5de3efe (397)
cdk-20260216-212314-validator  | 17:10:27.074 INFO  - Validator   *** Published sync_signature     Count: 32, Slot: 429, Root: 67376f160cf51e400d0429ea0c297348cca9d9f0f5a1d1c295ce67be80f83301
cdk-20260216-212314-validator  | 17:10:27.109 INFO  - Validator   *** Published attestation        Count: 16, Slot: 429, Root: 67376f160cf51e400d0429ea0c297348cca9d9f0f5a1d1c295ce67be80f83301
cdk-20260216-212314-validator  | 17:10:28.380 INFO  - Validator   *** Published aggregate          Count: 4, Slot: 429, Root: 67376f160cf51e400d0429ea0c297348cca9d9f0f5a1d1c295ce67be80f83301
cdk-20260216-212314-validator  | 17:10:28.405 INFO  - Validator   *** Published sync_contribution  Count: 32, Slot: 429, Root: 67376f160cf51e400d0429ea0c297348cca9d9f0f5a1d1c295ce67be80f83301
cdk-20260216-212314-validator  | 17:10:29.053 INFO  - Validator   *** Published block              Count: 1, Slot: 430, Root: 6f49ea6faa26c5f864c1abf566076f0884526c5de65308af2ce39e8475385381, Blobs: 0, 0 (0%) gas, EL block: f08894f2db33d4989f096d155cac6789eb1d5f21ed9064d64f608dc3df047372 (398)
cdk-20260216-212314-validator  | 17:10:29.073 INFO  - Validator   *** Published sync_signature     Count: 32, Slot: 430, Root: 6f49ea6faa26c5f864c1abf566076f0884526c5de65308af2ce39e8475385381
cdk-20260216-212314-validator  | 17:10:29.113 INFO  - Validator   *** Published attestation        Count: 16, Slot: 430, Root: 6f49ea6faa26c5f864c1abf566076f0884526c5de65308af2ce39e8475385381
cdk-20260216-212314-validator  | 17:10:30.381 INFO  - Validator   *** Published aggregate          Count: 4, Slot: 430, Root: 6f49ea6faa26c5f864c1abf566076f0884526c5de65308af2ce39e8475385381
cdk-20260216-212314-validator  | 17:10:30.414 INFO  - Validator   *** Published sync_contribution  Count: 32, Slot: 430, Root: 6f49ea6faa26c5f864c1abf566076f0884526c5de65308af2ce39e8475385381
cdk-20260216-212314-validator  | 17:10:31.052 INFO  - Validator   *** Published block              Count: 1, Slot: 431, Root: fe936ed144a52e56e12568966f6c417ccf8b29433d2d19aa6284904c18516b43, Blobs: 0, 0 (0%) gas, EL block: a587f8a48583a991e525fff5263a69419cb1e2ff588067a91fb22a06859a827f (399)
cdk-20260216-212314-validator  | 17:10:31.073 INFO  - Validator   *** Published sync_signature     Count: 32, Slot: 431, Root: fe936ed144a52e56e12568966f6c417ccf8b29433d2d19aa6284904c18516b43
cdk-20260216-212314-validator  | 17:10:31.110 INFO  - Validator   *** Published attestation        Count: 16, Slot: 431, Root: fe936ed144a52e56e12568966f6c417ccf8b29433d2d19aa6284904c18516b43
cdk-20260216-212314-validator  | 17:10:32.370 INFO  - Validator   *** Published aggregate          Count: 4, Slot: 431, Root: fe936ed144a52e56e12568966f6c417ccf8b29433d2d19aa6284904c18516b43
cdk-20260216-212314-validator  | 17:10:32.394 INFO  - Validator   *** Published sync_contribution  Count: 32, Slot: 431, Root: fe936ed144a52e56e12568966f6c417ccf8b29433d2d19aa6284904c18516b43
cdk-20260216-212314-validator  | 17:10:33.026 ERROR - Validator   *** Failed to produce block  Slot: 432 Validator: b414739 tech.pegasys.teku.api.exceptions.RemoteServiceNotAvailableException: Server error from Beacon Node API (url = http://beacon:4000/eth/v3/validator/blocks/432?randao_reveal=0x8c8442e99b66dfc6bd2de8550c132af4cfaee1728eb5e27d2999849833d128edfa43a487633cd4caa859796ce143426f19571c6efcbe076a5b04d650339307a2edb80c066bbf357ae4c84907e2b31cd4f31adbfd70f47f89dd7cce9dedf817c5&graffiti=0x736e617073686f742d76616c696461746f720000000000000000000000000000, status = 500, message = An unexpected error occurred) (See log file for full stack trace)
cdk-20260216-212314-validator  | 17:10:33.679 ERROR - Validator   *** Failed to produce attestation  Slot: 432 Validator: b414739, 851cb70, 84dc37c, 8d028a0, 96947de, 9583309, 9763dde, a35c600, ac97a57, b26fae5, aaf6c12, b1f2588, 958b57a, 84d08d5, ac2d58a, a804e4f java.lang.IllegalArgumentException: Invalid params response from Beacon Node API (url = http://beacon:4000/eth/v1/validator/attestation_data?slot=432&committee_index=0, status = 400, message = Cannot create attestation for future slot. Requested 432 but current slot is 431) (See log file for full stack trace)
cdk-20260216-212314-validator  | 17:10:33.685 INFO  - Validator   *** Published sync_signature     Count: 32, Slot: 432, Root: fe936ed144a52e56e12568966f6c417ccf8b29433d2d19aa6284904c18516b43
cdk-20260216-212314-validator  | 17:10:34.335 ERROR - Validator   *** Failed to produce aggregate  Slot: 432 Validator: ac2d58a, 96947de, 9763dde, ac97a57 java.lang.IllegalArgumentException: Invalid params response from Beacon Node API (url = http://beacon:4000/eth/v1/validator/attestation_data?slot=432&committee_index=0, status = 400, message = Cannot create attestation for future slot. Requested 432 but current slot is 431) (See log file for full stack trace)
cdk-20260216-212314-validator  | 17:10:34.400 INFO  - Validator   *** Published sync_contribution  Count: 32, Slot: 432, Root: fe936ed144a52e56e12568966f6c417ccf8b29433d2d19aa6284904c18516b43
cdk-20260216-212314-validator  | 17:10:35.047 INFO  - Validator   *** Published block              Count: 1, Slot: 433, Root: 3f13d65235e1b68ba829c3518e066e4d57bfa2d14514bbf1ef2a28121e8d7532, Blobs: 0, 0 (0%) gas, EL block: 771a4354c1fed8fc0b8028b49109b49dd5830d3b09a55958b3133ad71e350ce9 (400)
cdk-20260216-212314-validator  | 17:10:35.673 ERROR - Validator   *** Failed to produce attestation  Slot: 433 Validator: 8c0d15b, b97ecbc, a3baebc, b570dde, abd3280, a8494e9, b3a1fbf, ae940a0, a8fa358, a8d747a, b24391a, b43ccb0, b63f327, afa10af, b320e18, a90dab7 java.lang.IllegalArgumentException: Invalid params response from Beacon Node API (url = http://beacon:4000/eth/v1/validator/attestation_data?slot=433&committee_index=0, status = 400, message = Cannot create attestation for future slot. Requested 433 but current slot is 431) (See log file for full stack trace)
cdk-20260216-212314-validator  | 17:10:35.686 INFO  - Validator   *** Published sync_signature     Count: 32, Slot: 433, Root: fe936ed144a52e56e12568966f6c417ccf8b29433d2d19aa6284904c18516b43
cdk-20260216-212314-validator  | 17:10:36.334 ERROR - Validator   *** Failed to produce aggregate  Slot: 433 Validator: a8fa358, b24391a, b63f327, afa10af java.lang.IllegalArgumentException: Invalid params response from Beacon Node API (url = http://beacon:4000/eth/v1/validator/attestation_data?slot=433&committee_index=0, status = 400, message = Cannot create attestation for future slot. Requested 433 but current slot is 431) (See log file for full stack trace)
cdk-20260216-212314-validator  | 17:10:36.407 INFO  - Validator   *** Published sync_contribution  Count: 32, Slot: 433, Root: fe936ed144a52e56e12568966f6c417ccf8b29433d2d19aa6284904c18516b43
cdk-20260216-212314-validator  | 17:10:37.053 INFO  - Validator   *** Published block              Count: 1, Slot: 434, Root: 8bd4a2a588a87c4e05250e78fccf4462920ba3e12a0c89971c7c65506cb7b6f9, Blobs: 0, 0 (0%) gas, EL block: 54382fe944b53c8784d49062e250a0e23303ea7823c6a38ed8f1370730871680 (400)
cdk-20260216-212314-validator  | 17:10:37.672 ERROR - Validator   *** Failed to produce attestation  Slot: 434 Validator: 978eb7a, 966c488, a0485d7, abd1267, 8d8985e, 8419cf0, af61f26, 8109382, af89ab0, ad9222d, ac30aac, 958c269, 8890da2, 8457b32, ab72cbc, a11c83b java.lang.IllegalArgumentException: Invalid params response from Beacon Node API (url = http://beacon:4000/eth/v1/validator/attestation_data?slot=434&committee_index=0, status = 400, message = Cannot create attestation for future slot. Requested 434 but current slot is 431) (See log file for full stack trace)
cdk-20260216-212314-validator  | 17:10:37.685 INFO  - Validator   *** Published sync_signature     Count: 32, Slot: 434, Root: fe936ed144a52e56e12568966f6c417ccf8b29433d2d19aa6284904c18516b43
cdk-20260216-212314-validator  | 17:10:38.335 ERROR - Validator   *** Failed to produce aggregate  Slot: 434 Validator: 8109382, ad9222d, ac30aac, 8419cf0 java.lang.IllegalArgumentException: Invalid params response from Beacon Node API (url = http://beacon:4000/eth/v1/validator/attestation_data?slot=434&committee_index=0, status = 400, message = Cannot create attestation for future slot. Requested 434 but current slot is 431) (See log file for full stack trace)
cdk-20260216-212314-validator  | 17:10:38.434 INFO  - Validator   *** Published sync_contribution  Count: 32, Slot: 434, Root: fe936ed144a52e56e12568966f6c417ccf8b29433d2d19aa6284904c18516b43
cdk-20260216-212314-validator  | 17:10:39.050 INFO  - Validator   *** Published block              Count: 1, Slot: 435, Root: 7566090c75e01748bf289bac479f3fb67fe1be7a5ca9a0fcb3ad8ee475e0c2be, Blobs: 0, 0 (0%) gas, EL block: 279936bcbd2ffe6265cdab1c7ecd47d4d8a3f36b27d87e91b993c6fcc4ffd2b3 (400)
cdk-20260216-212314-validator  | 17:10:39.671 ERROR - Validator   *** Failed to produce attestation  Slot: 435 Validator: b8f3af1, 8d46e9a, 8d9dc5d, aee3fbc, affdd64, 8725b32, b0b263c, 867e895, b09cb15, 8e8d4d3, 92b6871, ae2dd5d, a1d9840, a1584df, ab40dc1, 84a687f java.lang.IllegalArgumentException: Invalid params response from Beacon Node API (url = http://beacon:4000/eth/v1/validator/attestation_data?slot=435&committee_index=0, status = 400, message = Cannot create attestation for future slot. Requested 435 but current slot is 431) (See log file for full stack trace)
cdk-20260216-212314-validator  | 17:10:39.683 INFO  - Validator   *** Published sync_signature     Count: 32, Slot: 435, Root: fe936ed144a52e56e12568966f6c417ccf8b29433d2d19aa6284904c18516b43
cdk-20260216-212314-validator  | 17:10:40.334 ERROR - Validator   *** Failed to produce aggregate  Slot: 435 Validator: b09cb15, ae2dd5d, aee3fbc, a1d9840 java.lang.IllegalArgumentException: Invalid params response from Beacon Node API (url = http://beacon:4000/eth/v1/validator/attestation_data?slot=435&committee_index=0, status = 400, message = Cannot create attestation for future slot. Requested 435 but current slot is 431) (See log file for full stack trace)
cdk-20260216-212314-validator  | 17:10:40.404 INFO  - Validator   *** Published sync_contribution  Count: 32, Slot: 435, Root: fe936ed144a52e56e12568966f6c417ccf8b29433d2d19aa6284904c18516b43
cdk-20260216-212314-validator  | 17:10:41.035 INFO  - Validator   *** Published block              Count: 1, Slot: 436, Root: 80114baeee0235e383905850a030806c29cd9293179d8de2b9a33ecd9fdb1748, Blobs: 0, 0 (0%) gas, EL block: 171df8c26ca4d3d49e638a04207867826c8a9c7de397c8ced9606ce13b32a5d1 (400)
cdk-20260216-212314-validator  | 17:10:41.673 ERROR - Validator   *** Failed to produce attestation  Slot: 436 Validator: b5e898a, b9e03b9, a759f6b, aaddb0c, 99377a4, 8aec512, 986a201, b4c9e24, a54fe5c, b0d4372, b165f7e, b8c6663, 961a7d8, b72cb10, 9918433, b967afc java.lang.IllegalArgumentException: Invalid params response from Beacon Node API (url = http://beacon:4000/eth/v1/validator/attestation_data?slot=436&committee_index=0, status = 400, message = Cannot create attestation for future slot. Requested 436 but current slot is 431) (See log file for full stack trace)
cdk-20260216-212314-validator  | 17:10:41.688 INFO  - Validator   *** Published sync_signature     Count: 32, Slot: 436, Root: fe936ed144a52e56e12568966f6c417ccf8b29433d2d19aa6284904c18516b43
cdk-20260216-212314-validator  | 17:10:42.334 ERROR - Validator   *** Failed to produce aggregate  Slot: 436 Validator: b5e898a, b9e03b9, b165f7e, b72cb10 java.lang.IllegalArgumentException: Invalid params response from Beacon Node API (url = http://beacon:4000/eth/v1/validator/attestation_data?slot=436&committee_index=0, status = 400, message = Cannot create attestation for future slot. Requested 436 but current slot is 431) (See log file for full stack trace)
cdk-20260216-212314-validator  | 17:10:42.407 INFO  - Validator   *** Published sync_contribution  Count: 32, Slot: 436, Root: fe936ed144a52e56e12568966f6c417ccf8b29433d2d19aa6284904c18516b43
cdk-20260216-212314-validator  | 17:10:43.044 INFO  - Validator   *** Published block              Count: 1, Slot: 437, Root: e482a6b6ab1090c1372c2dcc115c6aaf03b1c63224b2bbce37b58d6519865e8d, Blobs: 0, 0 (0%) gas, EL block: 5ce62d2b1bfb85aaf9ca40e61a8f8f2bb8da0be2729c5c3628f434bec1e0ec51 (400)
cdk-20260216-212314-validator  | 17:10:43.672 ERROR - Validator   *** Failed to produce attestation  Slot: 437 Validator: b3faeeb, 81ea9f7, 8548d74, 93d491d, 899f89c, a03c2a8, 8de5a62, 99d83a0, 8a8bb29, ac69ae9, 81b6765, 8de7ec5, a39731d, a62c020, 996d10c, 996323a java.lang.IllegalArgumentException: Invalid params response from Beacon Node API (url = http://beacon:4000/eth/v1/validator/attestation_data?slot=437&committee_index=0, status = 400, message = Cannot create attestation for future slot. Requested 437 but current slot is 431) (See log file for full stack trace)
cdk-20260216-212314-validator  | 17:10:43.683 INFO  - Validator   *** Published sync_signature     Count: 32, Slot: 437, Root: fe936ed144a52e56e12568966f6c417ccf8b29433d2d19aa6284904c18516b43
cdk-20260216-212314-validator  | 17:10:44.335 ERROR - Validator   *** Failed to produce aggregate  Slot: 437 Validator: b3faeeb, 81ea9f7, 899f89c, a62c020 java.lang.IllegalArgumentException: Invalid params response from Beacon Node API (url = http://beacon:4000/eth/v1/validator/attestation_data?slot=437&committee_index=0, status = 400, message = Cannot create attestation for future slot. Requested 437 but current slot is 431) (See log file for full stack trace)
cdk-20260216-212314-validator  | 17:10:44.401 INFO  - Validator   *** Published sync_contribution  Count: 32, Slot: 437, Root: fe936ed144a52e56e12568966f6c417ccf8b29433d2d19aa6284904c18516b43
cdk-20260216-212314-validator  | 17:10:45.037 INFO  - Validator   *** Published block              Count: 1, Slot: 438, Root: 694322b1db61af77b28ac6269a7c7cbc446b80f15e574facba4c9c9ef1b1763d, Blobs: 0, 0 (0%) gas, EL block: 15b0946c70f02f05cf282705142342e7869893d63644f4ff31732c735f91852b (400)
cdk-20260216-212314-validator  | 17:10:45.672 ERROR - Validator   *** Failed to produce attestation  Slot: 438 Validator: 86e0147, a4ee6d3, 85fc722, 91da49d, b27ad13, aa8ec70, a75ca94, ae53027, 889fd95, b97dbe4, 8dfa86c, 9821329, 81fa222, 8aa5bbe, b9882d1, 8723142 java.lang.IllegalArgumentException: Invalid params response from Beacon Node API (url = http://beacon:4000/eth/v1/validator/attestation_data?slot=438&committee_index=0, status = 400, message = Cannot create attestation for future slot. Requested 438 but current slot is 431) (See log file for full stack trace)
cdk-20260216-212314-validator  | 17:10:45.684 INFO  - Validator   *** Published sync_signature     Count: 32, Slot: 438, Root: fe936ed144a52e56e12568966f6c417ccf8b29433d2d19aa6284904c18516b43
cdk-20260216-212314-validator  | 17:10:46.335 ERROR - Validator   *** Failed to produce aggregate  Slot: 438 Validator: b27ad13, 81fa222, 889fd95, b9882d1 java.lang.IllegalArgumentException: Invalid params response from Beacon Node API (url = http://beacon:4000/eth/v1/validator/attestation_data?slot=438&committee_index=0, status = 400, message = Cannot create attestation for future slot. Requested 438 but current slot is 431) (See log file for full stack trace)
cdk-20260216-212314-validator  | 17:10:46.401 INFO  - Validator   *** Published sync_contribution  Count: 32, Slot: 438, Root: fe936ed144a52e56e12568966f6c417ccf8b29433d2d19aa6284904c18516b43
cdk-20260216-212314-validator  | 17:10:47.042 INFO  - Validator   *** Published block              Count: 1, Slot: 439, Root: 8bd57986f025b27c85a2003118fe3a9c29209f50cbd162ec1d7daa10eef8c759, Blobs: 0, 0 (0%) gas, EL block: cdac018c362e611c0da3482ecab2995e17139618b6ed3ece7ab2809e95819dde (400)
cdk-20260216-212314-validator  | 17:10:47.673 ERROR - Validator   *** Failed to produce attestation  Slot: 439 Validator: a7ed4d8, 889dbdf, 930743b, b222557, aa080af, b6cd229, 8fda66b, b4cb3c1, 95d7b5b, 91709ee, a9fdcd1, a2e2d83, ab64f90, b8f404f, 896a51e, a878b6b java.lang.IllegalArgumentException: Invalid params response from Beacon Node API (url = http://beacon:4000/eth/v1/validator/attestation_data?slot=439&committee_index=0, status = 400, message = Cannot create attestation for future slot. Requested 439 but current slot is 431) (See log file for full stack trace)
cdk-20260216-212314-validator  | 17:10:47.687 INFO  - Validator   *** Published sync_signature     Count: 32, Slot: 439, Root: fe936ed144a52e56e12568966f6c417ccf8b29433d2d19aa6284904c18516b43
cdk-20260216-212314-validator  | 17:10:48.335 ERROR - Validator   *** Failed to produce aggregate  Slot: 439 Validator: 889dbdf, b8f404f, aa080af, 95d7b5b java.lang.IllegalArgumentException: Invalid params response from Beacon Node API (url = http://beacon:4000/eth/v1/validator/attestation_data?slot=439&committee_index=0, status = 400, message = Cannot create attestation for future slot. Requested 439 but current slot is 431) (See log file for full stack trace)
cdk-20260216-212314-validator  | 17:10:48.401 INFO  - Validator   *** Published sync_contribution  Count: 32, Slot: 439, Root: fe936ed144a52e56e12568966f6c417ccf8b29433d2d19aa6284904c18516b43
cdk-20260216-212314-validator  | 17:10:49.671 ERROR - Validator   *** Failed to produce attestation  Slot: 440 Validator: b3faeeb, 8d028a0, 889dbdf, a7ed4d8, a35c600, 8fda66b, b3a1fbf, ad9222d, 958c269, 996d10c, ae2dd5d, 9918433, b8f404f, 8aa5bbe, b967afc, 8457b32 java.lang.IllegalArgumentException: Invalid params response from Beacon Node API (url = http://beacon:4000/eth/v1/validator/attestation_data?slot=440&committee_index=0, status = 400, message = Cannot create attestation for future slot. Requested 440 but current slot is 431) (See log file for full stack trace)
cdk-20260216-212314-validator  | 17:10:49.683 INFO  - Validator   *** Published sync_signature     Count: 32, Slot: 440, Root: fe936ed144a52e56e12568966f6c417ccf8b29433d2d19aa6284904c18516b43
cdk-20260216-212314-validator  | 17:10:50.334 ERROR - Validator   *** Failed to produce aggregate  Slot: 440 Validator: b3faeeb, ad9222d, ae2dd5d, 996d10c java.lang.IllegalArgumentException: Invalid params response from Beacon Node API (url = http://beacon:4000/eth/v1/validator/attestation_data?slot=440&committee_index=0, status = 400, message = Cannot create attestation for future slot. Requested 440 but current slot is 431) (See log file for full stack trace)
cdk-20260216-212314-validator  | 17:10:50.399 INFO  - Validator   *** Published sync_contribution  Count: 32, Slot: 440, Root: fe936ed144a52e56e12568966f6c417ccf8b29433d2d19aa6284904c18516b43
cdk-20260216-212314-validator  | 17:10:51.671 ERROR - Validator   *** Failed to produce attestation  Slot: 441 Validator: 851cb70, 9583309, a4ee6d3, 85fc722, 8d46e9a, aee3fbc, abd3280, abd1267, 958b57a, b8c6663, b165f7e, b63f327, a9fdcd1, a1584df, ab72cbc, 8723142 java.lang.IllegalArgumentException: Invalid params response from Beacon Node API (url = http://beacon:4000/eth/v1/validator/attestation_data?slot=441&committee_index=0, status = 400, message = Cannot create attestation for future slot. Requested 441 but current slot is 431) (See log file for full stack trace)
cdk-20260216-212314-validator  | 17:10:51.683 INFO  - Validator   *** Published sync_signature     Count: 32, Slot: 441, Root: fe936ed144a52e56e12568966f6c417ccf8b29433d2d19aa6284904c18516b43
cdk-20260216-212314-validator  | 17:10:52.335 ERROR - Validator   *** Failed to produce aggregate  Slot: 441 Validator: 9583309, 8d46e9a, b63f327, aee3fbc java.lang.IllegalArgumentException: Invalid params response from Beacon Node API (url = http://beacon:4000/eth/v1/validator/attestation_data?slot=441&committee_index=0, status = 400, message = Cannot create attestation for future slot. Requested 441 but current slot is 431) (See log file for full stack trace)
cdk-20260216-212314-validator  | 17:10:52.401 INFO  - Validator   *** Published sync_contribution  Count: 32, Slot: 441, Root: fe936ed144a52e56e12568966f6c417ccf8b29433d2d19aa6284904c18516b43
cdk-20260216-212314-validator  | 17:10:53.672 ERROR - Validator   *** Failed to produce attestation  Slot: 442 Validator: 91da49d, 899f89c, 8d9dc5d, a0485d7, 8de5a62, b26fae5, 8aec512, b0b263c, ac69ae9, 81b6765, b24391a, b0d4372, ac30aac, 9821329, afa10af, a11c83b java.lang.IllegalArgumentException: Invalid params response from Beacon Node API (url = http://beacon:4000/eth/v1/validator/attestation_data?slot=442&committee_index=0, status = 400, message = Cannot create attestation for future slot. Requested 442 but current slot is 431) (See log file for full stack trace)
cdk-20260216-212314-validator  | 17:10:53.684 INFO  - Validator   *** Published sync_signature     Count: 32, Slot: 442, Root: fe936ed144a52e56e12568966f6c417ccf8b29433d2d19aa6284904c18516b43
cdk-20260216-212314-validator  | 17:10:54.335 ERROR - Validator   *** Failed to produce aggregate  Slot: 442 Validator: 81b6765, ac30aac, 899f89c, 8d9dc5d java.lang.IllegalArgumentException: Invalid params response from Beacon Node API (url = http://beacon:4000/eth/v1/validator/attestation_data?slot=442&committee_index=0, status = 400, message = Cannot create attestation for future slot. Requested 442 but current slot is 431) (See log file for full stack trace)
cdk-20260216-212314-validator  | 17:10:54.396 INFO  - Validator   *** Published sync_contribution  Count: 32, Slot: 442, Root: fe936ed144a52e56e12568966f6c417ccf8b29433d2d19aa6284904c18516b43
cdk-20260216-212314-validator  | 17:10:55.672 ERROR - Validator   *** Failed to produce attestation  Slot: 443 Validator: b5e898a, 86e0147, 966c488, a75ca94, affdd64, 99d83a0, b1f2588, 8a8bb29, 986a201, b09cb15, 8e8d4d3, a54fe5c, 961a7d8, ab64f90, 996323a, b9882d1 java.lang.IllegalArgumentException: Invalid params response from Beacon Node API (url = http://beacon:4000/eth/v1/validator/attestation_data?slot=443&committee_index=0, status = 400, message = Cannot create attestation for future slot. Requested 443 but current slot is 431) (See log file for full stack trace)
cdk-20260216-212314-validator  | 17:10:55.683 INFO  - Validator   *** Published sync_signature     Count: 32, Slot: 443, Root: fe936ed144a52e56e12568966f6c417ccf8b29433d2d19aa6284904c18516b43
cdk-20260216-212314-validator  | 17:10:56.334 ERROR - Validator   *** Failed to produce aggregate  Slot: 443 Validator: b5e898a, 986a201, a75ca94, b9882d1 java.lang.IllegalArgumentException: Invalid params response from Beacon Node API (url = http://beacon:4000/eth/v1/validator/attestation_data?slot=443&committee_index=0, status = 400, message = Cannot create attestation for future slot. Requested 443 but current slot is 431) (See log file for full stack trace)
cdk-20260216-212314-validator  | 17:10:56.398 INFO  - Validator   *** Published sync_contribution  Count: 32, Slot: 443, Root: fe936ed144a52e56e12568966f6c417ccf8b29433d2d19aa6284904c18516b43
cdk-20260216-212314-validator  | 17:10:57.671 ERROR - Validator   *** Failed to produce attestation  Slot: 444 Validator: b414739, b97ecbc, 978eb7a, a759f6b, 8548d74, b222557, 8d8985e, a8494e9, 84d08d5, a8fa358, 92b6871, a2e2d83, a62c020, 8890da2, b320e18, a90dab7 java.lang.IllegalArgumentException: Invalid params response from Beacon Node API (url = http://beacon:4000/eth/v1/validator/attestation_data?slot=444&committee_index=0, status = 400, message = Cannot create attestation for future slot. Requested 444 but current slot is 431) (See log file for full stack trace)
cdk-20260216-212314-validator  | 17:10:57.683 INFO  - Validator   *** Published sync_signature     Count: 32, Slot: 444, Root: fe936ed144a52e56e12568966f6c417ccf8b29433d2d19aa6284904c18516b43
cdk-20260216-212314-validator  | 17:10:58.334 ERROR - Validator   *** Failed to produce aggregate  Slot: 444 Validator: b97ecbc, a2e2d83, a62c020, 8d8985e java.lang.IllegalArgumentException: Invalid params response from Beacon Node API (url = http://beacon:4000/eth/v1/validator/attestation_data?slot=444&committee_index=0, status = 400, message = Cannot create attestation for future slot. Requested 444 but current slot is 431) (See log file for full stack trace)
cdk-20260216-212314-validator  | 17:10:58.397 INFO  - Validator   *** Published sync_contribution  Count: 32, Slot: 444, Root: fe936ed144a52e56e12568966f6c417ccf8b29433d2d19aa6284904c18516b43
cdk-20260216-212314-validator  | 17:10:59.671 ERROR - Validator   *** Failed to produce attestation  Slot: 445 Validator: b8f3af1, 84dc37c, 93d491d, b570dde, 99377a4, a03c2a8, ae53027, 889fd95, 95d7b5b, b97dbe4, ae940a0, 8de7ec5, b4c9e24, 91709ee, 896a51e, a878b6b java.lang.IllegalArgumentException: Invalid params response from Beacon Node API (url = http://beacon:4000/eth/v1/validator/attestation_data?slot=445&committee_index=0, status = 400, message = Cannot create attestation for future slot. Requested 445 but current slot is 431) (See log file for full stack trace)
cdk-20260216-212314-validator  | 17:10:59.684 INFO  - Validator   *** Published sync_signature     Count: 32, Slot: 445, Root: fe936ed144a52e56e12568966f6c417ccf8b29433d2d19aa6284904c18516b43
cdk-20260216-212314-validator  | 17:11:00.335 ERROR - Validator   *** Failed to produce aggregate  Slot: 445 Validator: 84dc37c, a878b6b, a03c2a8, 95d7b5b java.lang.IllegalArgumentException: Invalid params response from Beacon Node API (url = http://beacon:4000/eth/v1/validator/attestation_data?slot=445&committee_index=0, status = 400, message = Cannot create attestation for future slot. Requested 445 but current slot is 431) (See log file for full stack trace)
cdk-20260216-212314-validator  | 17:11:00.400 INFO  - Validator   *** Published sync_contribution  Count: 32, Slot: 445, Root: fe936ed144a52e56e12568966f6c417ccf8b29433d2d19aa6284904c18516b43
cdk-20260216-212314-validator  | 17:11:01.671 ERROR - Validator   *** Failed to produce attestation  Slot: 446 Validator: 81ea9f7, a3baebc, b9e03b9, 96947de, aaddb0c, ac97a57, 930743b, aaf6c12, b4cb3c1, 867e895, af89ab0, b43ccb0, b72cb10, 81fa222, ab40dc1, 84a687f java.lang.IllegalArgumentException: Invalid params response from Beacon Node API (url = http://beacon:4000/eth/v1/validator/attestation_data?slot=446&committee_index=0, status = 400, message = Cannot create attestation for future slot. Requested 446 but current slot is 431) (See log file for full stack trace)
cdk-20260216-212314-validator  | 17:11:01.683 INFO  - Validator   *** Published sync_signature     Count: 32, Slot: 446, Root: fe936ed144a52e56e12568966f6c417ccf8b29433d2d19aa6284904c18516b43
cdk-20260216-212314-validator  | 17:11:02.334 ERROR - Validator   *** Failed to produce aggregate  Slot: 446 Validator: 96947de, b9e03b9, 81fa222, b4cb3c1 java.lang.IllegalArgumentException: Invalid params response from Beacon Node API (url = http://beacon:4000/eth/v1/validator/attestation_data?slot=446&committee_index=0, status = 400, message = Cannot create attestation for future slot. Requested 446 but current slot is 431) (See log file for full stack trace)
cdk-20260216-212314-validator  | 17:11:02.409 INFO  - Validator   *** Published sync_contribution  Count: 32, Slot: 446, Root: fe936ed144a52e56e12568966f6c417ccf8b29433d2d19aa6284904c18516b43
cdk-20260216-212314-validator  | 17:11:03.672 ERROR - Validator   *** Failed to produce attestation  Slot: 447 Validator: 8c0d15b, b27ad13, 9763dde, aa8ec70, aa080af, b6cd229, 8725b32, 8419cf0, af61f26, ac2d58a, a8d747a, 8109382, 8dfa86c, a804e4f, a39731d, a1d9840 java.lang.IllegalArgumentException: Invalid params response from Beacon Node API (url = http://beacon:4000/eth/v1/validator/attestation_data?slot=447&committee_index=0, status = 400, message = Cannot create attestation for future slot. Requested 447 but current slot is 431) (See log file for full stack trace)
cdk-20260216-212314-validator  | 17:11:03.686 INFO  - Validator   *** Published sync_signature     Count: 32, Slot: 447, Root: fe936ed144a52e56e12568966f6c417ccf8b29433d2d19aa6284904c18516b43
cdk-20260216-212314-validator  | 17:11:04.335 ERROR - Validator   *** Failed to produce aggregate  Slot: 447 Validator: 9763dde, b27ad13, a1d9840, 8419cf0 java.lang.IllegalArgumentException: Invalid params response from Beacon Node API (url = http://beacon:4000/eth/v1/validator/attestation_data?slot=447&committee_index=0, status = 400, message = Cannot create attestation for future slot. Requested 447 but current slot is 431) (See log file for full stack trace)
cdk-20260216-212314-validator  | 17:11:04.395 INFO  - Validator   *** Published sync_contribution  Count: 32, Slot: 447, Root: fe936ed144a52e56e12568966f6c417ccf8b29433d2d19aa6284904c18516b43
cdk-20260216-212314-validator  | 17:11:05.684 INFO  - Validator   *** Published sync_signature     Count: 32, Slot: 448, Root: fe936ed144a52e56e12568966f6c417ccf8b29433d2d19aa6284904c18516b43
cdk-20260216-212314-validator  | 17:11:06.396 INFO  - Validator   *** Published sync_contribution  Count: 32, Slot: 448, Root: fe936ed144a52e56e12568966f6c417ccf8b29433d2d19aa6284904c18516b43
cdk-20260216-212314-validator  | 17:11:07.685 INFO  - Validator   *** Published sync_signature     Count: 32, Slot: 449, Root: fe936ed144a52e56e12568966f6c417ccf8b29433d2d19aa6284904c18516b43
cdk-20260216-212314-validator  | 17:11:08.402 INFO  - Validator   *** Published sync_contribution  Count: 32, Slot: 449, Root: fe936ed144a52e56e12568966f6c417ccf8b29433d2d19aa6284904c18516b43
cdk-20260216-212314-validator  | 17:11:09.682 INFO  - Validator   *** Published sync_signature     Count: 32, Slot: 450, Root: fe936ed144a52e56e12568966f6c417ccf8b29433d2d19aa6284904c18516b43
cdk-20260216-212314-validator  | 17:11:10.408 INFO  - Validator   *** Published sync_contribution  Count: 32, Slot: 450, Root: fe936ed144a52e56e12568966f6c417ccf8b29433d2d19aa6284904c18516b43
cdk-20260216-212314-validator  | 17:11:11.684 INFO  - Validator   *** Published sync_signature     Count: 32, Slot: 451, Root: fe936ed144a52e56e12568966f6c417ccf8b29433d2d19aa6284904c18516b43
cdk-20260216-212314-validator  | 17:11:12.397 INFO  - Validator   *** Published sync_contribution  Count: 32, Slot: 451, Root: fe936ed144a52e56e12568966f6c417ccf8b29433d2d19aa6284904c18516b43
cdk-20260216-212314-validator  | 17:11:13.682 INFO  - Validator   *** Published sync_signature     Count: 32, Slot: 452, Root: fe936ed144a52e56e12568966f6c417ccf8b29433d2d19aa6284904c18516b43
cdk-20260216-212314-validator  | 17:11:14.406 INFO  - Validator   *** Published sync_contribution  Count: 32, Slot: 452, Root: fe936ed144a52e56e12568966f6c417ccf8b29433d2d19aa6284904c18516b43
cdk-20260216-212314-validator  | 17:11:15.683 INFO  - Validator   *** Published sync_signature     Count: 32, Slot: 453, Root: fe936ed144a52e56e12568966f6c417ccf8b29433d2d19aa6284904c18516b43
cdk-20260216-212314-validator  | 17:11:16.399 INFO  - Validator   *** Published sync_contribution  Count: 32, Slot: 453, Root: fe936ed144a52e56e12568966f6c417ccf8b29433d2d19aa6284904c18516b43
cdk-20260216-212314-validator  | 17:11:17.682 INFO  - Validator   *** Published sync_signature     Count: 32, Slot: 454, Root: fe936ed144a52e56e12568966f6c417ccf8b29433d2d19aa6284904c18516b43
cdk-20260216-212314-validator  | 17:11:18.402 INFO  - Validator   *** Published sync_contribution  Count: 32, Slot: 454, Root: fe936ed144a52e56e12568966f6c417ccf8b29433d2d19aa6284904c18516b43
cdk-20260216-212314-validator  | 17:11:19.682 INFO  - Validator   *** Published sync_signature     Count: 32, Slot: 455, Root: fe936ed144a52e56e12568966f6c417ccf8b29433d2d19aa6284904c18516b43
cdk-20260216-212314-validator  | 17:11:20.396 INFO  - Validator   *** Published sync_contribution  Count: 32, Slot: 455, Root: fe936ed144a52e56e12568966f6c417ccf8b29433d2d19aa6284904c18516b43
cdk-20260216-212314-validator  | 17:11:21.684 INFO  - Validator   *** Published sync_signature     Count: 32, Slot: 456, Root: fe936ed144a52e56e12568966f6c417ccf8b29433d2d19aa6284904c18516b43
cdk-20260216-212314-validator  | 17:11:22.398 INFO  - Validator   *** Published sync_contribution  Count: 32, Slot: 456, Root: fe936ed144a52e56e12568966f6c417ccf8b29433d2d19aa6284904c18516b43
cdk-20260216-212314-validator  | 17:11:23.685 INFO  - Validator   *** Published sync_signature     Count: 32, Slot: 457, Root: fe936ed144a52e56e12568966f6c417ccf8b29433d2d19aa6284904c18516b43
cdk-20260216-212314-validator  | 17:11:24.410 INFO  - Validator   *** Published sync_contribution  Count: 32, Slot: 457, Root: fe936ed144a52e56e12568966f6c417ccf8b29433d2d19aa6284904c18516b43
cdk-20260216-212314-validator  | 17:11:25.684 INFO  - Validator   *** Published sync_signature     Count: 32, Slot: 458, Root: fe936ed144a52e56e12568966f6c417ccf8b29433d2d19aa6284904c18516b43
cdk-20260216-212314-validator  | 17:11:26.397 INFO  - Validator   *** Published sync_contribution  Count: 32, Slot: 458, Root: fe936ed144a52e56e12568966f6c417ccf8b29433d2d19aa6284904c18516b43
cdk-20260216-212314-validator  | 17:11:27.682 INFO  - Validator   *** Published sync_signature     Count: 32, Slot: 459, Root: fe936ed144a52e56e12568966f6c417ccf8b29433d2d19aa6284904c18516b43
cdk-20260216-212314-validator  | 17:11:28.397 INFO  - Validator   *** Published sync_contribution  Count: 32, Slot: 459, Root: fe936ed144a52e56e12568966f6c417ccf8b29433d2d19aa6284904c18516b43
cdk-20260216-212314-validator  | 17:11:29.682 INFO  - Validator   *** Published sync_signature     Count: 32, Slot: 460, Root: fe936ed144a52e56e12568966f6c417ccf8b29433d2d19aa6284904c18516b43
cdk-20260216-212314-validator  | 17:11:30.393 INFO  - Validator   *** Published sync_contribution  Count: 32, Slot: 460, Root: fe936ed144a52e56e12568966f6c417ccf8b29433d2d19aa6284904c18516b43
cdk-20260216-212314-validator  | 17:11:31.683 INFO  - Validator   *** Published sync_signature     Count: 32, Slot: 461, Root: fe936ed144a52e56e12568966f6c417ccf8b29433d2d19aa6284904c18516b43
cdk-20260216-212314-validator  | 17:11:32.404 INFO  - Validator   *** Published sync_contribution  Count: 32, Slot: 461, Root: fe936ed144a52e56e12568966f6c417ccf8b29433d2d19aa6284904c18516b43
cdk-20260216-212314-validator  | 17:11:33.683 INFO  - Validator   *** Published sync_signature     Count: 32, Slot: 462, Root: fe936ed144a52e56e12568966f6c417ccf8b29433d2d19aa6284904c18516b43
cdk-20260216-212314-validator  | 17:11:34.403 INFO  - Validator   *** Published sync_contribution  Count: 32, Slot: 462, Root: fe936ed144a52e56e12568966f6c417ccf8b29433d2d19aa6284904c18516b43
cdk-20260216-212314-validator  | 17:11:35.684 INFO  - Validator   *** Published sync_signature     Count: 32, Slot: 463, Root: fe936ed144a52e56e12568966f6c417ccf8b29433d2d19aa6284904c18516b43
cdk-20260216-212314-validator  | 17:11:36.394 INFO  - Validator   *** Published sync_contribution  Count: 32, Slot: 463, Root: fe936ed144a52e56e12568966f6c417ccf8b29433d2d19aa6284904c18516b43
cdk-20260216-212314-validator  | 17:11:37.668 ERROR - Validator   *** Failed to produce sync_signature  Slot: 464 Validator: b8f3af1, 9763dde, 889dbdf, aaddb0c, 8d9dc5d, 930743b, abd1267, 8d8985e, ac69ae9, 8de7ec5, b43ccb0, a878b6b, b320e18, b9882d1, a90dab7, 851cb70, a4ee6d3, 966c488, a0485d7, a35c600… (32 total) tech.pegasys.teku.validator.client.duties.synccommittee.ChainHeadTooOldException: Chain head too old. Head slot: 431, requested slot: 464 (See log file for full stack trace)
cdk-20260216-212314-validator  | 17:11:38.335 WARN  - Validator   *** Skipped aggregation at slot 464 because there was nothing to aggregate
cdk-20260216-212314-validator  | 17:11:39.667 ERROR - Validator   *** Failed to produce sync_signature  Slot: 465 Validator: b8f3af1, 9763dde, 889dbdf, aaddb0c, 8d9dc5d, 930743b, abd1267, 8d8985e, ac69ae9, 8de7ec5, b43ccb0, a878b6b, b320e18, b9882d1, a90dab7, 851cb70, a4ee6d3, 966c488, a0485d7, a35c600… (32 total) tech.pegasys.teku.validator.client.duties.synccommittee.ChainHeadTooOldException: Chain head too old. Head slot: 431, requested slot: 465 (See log file for full stack trace)
cdk-20260216-212314-validator  | 17:11:40.334 WARN  - Validator   *** Skipped aggregation at slot 465 because there was nothing to aggregate
cdk-20260216-212314-validator  | 17:11:41.667 ERROR - Validator   *** Failed to produce sync_signature  Slot: 466 Validator: b8f3af1, 9763dde, 889dbdf, aaddb0c, 8d9dc5d, 930743b, abd1267, 8d8985e, ac69ae9, 8de7ec5, b43ccb0, a878b6b, b320e18, b9882d1, a90dab7, 851cb70, a4ee6d3, 966c488, a0485d7, a35c600… (32 total) tech.pegasys.teku.validator.client.duties.synccommittee.ChainHeadTooOldException: Chain head too old. Head slot: 431, requested slot: 466 (See log file for full stack trace)
cdk-20260216-212314-validator  | 17:11:42.334 WARN  - Validator   *** Skipped aggregation at slot 466 because there was nothing to aggregate
cdk-20260216-212314-validator  | 17:11:43.668 ERROR - Validator   *** Failed to produce sync_signature  Slot: 467 Validator: b8f3af1, 9763dde, 889dbdf, aaddb0c, 8d9dc5d, 930743b, abd1267, 8d8985e, ac69ae9, 8de7ec5, b43ccb0, a878b6b, b320e18, b9882d1, a90dab7, 851cb70, a4ee6d3, 966c488, a0485d7, a35c600… (32 total) tech.pegasys.teku.validator.client.duties.synccommittee.ChainHeadTooOldException: Chain head too old. Head slot: 431, requested slot: 467 (See log file for full stack trace)
cdk-20260216-212314-validator  | 17:11:44.334 WARN  - Validator   *** Skipped aggregation at slot 467 because there was nothing to aggregate
cdk-20260216-212314-validator  | 17:11:45.668 ERROR - Validator   *** Failed to produce sync_signature  Slot: 468 Validator: b8f3af1, 9763dde, 889dbdf, aaddb0c, 8d9dc5d, 930743b, abd1267, 8d8985e, ac69ae9, 8de7ec5, b43ccb0, a878b6b, b320e18, b9882d1, a90dab7, 851cb70, a4ee6d3, 966c488, a0485d7, a35c600… (32 total) tech.pegasys.teku.validator.client.duties.synccommittee.ChainHeadTooOldException: Chain head too old. Head slot: 431, requested slot: 468 (See log file for full stack trace)
cdk-20260216-212314-validator  | 17:11:46.334 WARN  - Validator   *** Skipped aggregation at slot 468 because there was nothing to aggregate
cdk-20260216-212314-validator  | 17:11:47.667 ERROR - Validator   *** Failed to produce sync_signature  Slot: 469 Validator: b8f3af1, 9763dde, 889dbdf, aaddb0c, 8d9dc5d, 930743b, abd1267, 8d8985e, ac69ae9, 8de7ec5, b43ccb0, a878b6b, b320e18, b9882d1, a90dab7, 851cb70, a4ee6d3, 966c488, a0485d7, a35c600… (32 total) tech.pegasys.teku.validator.client.duties.synccommittee.ChainHeadTooOldException: Chain head too old. Head slot: 431, requested slot: 469 (See log file for full stack trace)
cdk-20260216-212314-validator  | 17:11:48.334 WARN  - Validator   *** Skipped aggregation at slot 469 because there was nothing to aggregate
cdk-20260216-212314-validator  | 17:11:49.667 ERROR - Validator   *** Failed to produce sync_signature  Slot: 470 Validator: b8f3af1, 9763dde, 889dbdf, aaddb0c, 8d9dc5d, 930743b, abd1267, 8d8985e, ac69ae9, 8de7ec5, b43ccb0, a878b6b, b320e18, b9882d1, a90dab7, 851cb70, a4ee6d3, 966c488, a0485d7, a35c600… (32 total) tech.pegasys.teku.validator.client.duties.synccommittee.ChainHeadTooOldException: Chain head too old. Head slot: 431, requested slot: 470 (See log file for full stack trace)
cdk-20260216-212314-validator  | 17:11:50.334 WARN  - Validator   *** Skipped aggregation at slot 470 because there was nothing to aggregate
cdk-20260216-212314-validator  | 17:11:51.667 ERROR - Validator   *** Failed to produce sync_signature  Slot: 471 Validator: b8f3af1, 9763dde, 889dbdf, aaddb0c, 8d9dc5d, 930743b, abd1267, 8d8985e, ac69ae9, 8de7ec5, b43ccb0, a878b6b, b320e18, b9882d1, a90dab7, 851cb70, a4ee6d3, 966c488, a0485d7, a35c600… (32 total) tech.pegasys.teku.validator.client.duties.synccommittee.ChainHeadTooOldException: Chain head too old. Head slot: 431, requested slot: 471 (See log file for full stack trace)
cdk-20260216-212314-validator  | 17:11:52.334 WARN  - Validator   *** Skipped aggregation at slot 471 because there was nothing to aggregate
cdk-20260216-212314-validator  | 17:11:53.667 ERROR - Validator   *** Failed to produce sync_signature  Slot: 472 Validator: b8f3af1, 9763dde, 889dbdf, aaddb0c, 8d9dc5d, 930743b, abd1267, 8d8985e, ac69ae9, 8de7ec5, b43ccb0, a878b6b, b320e18, b9882d1, a90dab7, 851cb70, a4ee6d3, 966c488, a0485d7, a35c600… (32 total) tech.pegasys.teku.validator.client.duties.synccommittee.ChainHeadTooOldException: Chain head too old. Head slot: 431, requested slot: 472 (See log file for full stack trace)
cdk-20260216-212314-validator  | 17:11:54.334 WARN  - Validator   *** Skipped aggregation at slot 472 because there was nothing to aggregate
cdk-20260216-212314-validator  | 17:11:55.668 ERROR - Validator   *** Failed to produce sync_signature  Slot: 473 Validator: b8f3af1, 9763dde, 889dbdf, aaddb0c, 8d9dc5d, 930743b, abd1267, 8d8985e, ac69ae9, 8de7ec5, b43ccb0, a878b6b, b320e18, b9882d1, a90dab7, 851cb70, a4ee6d3, 966c488, a0485d7, a35c600… (32 total) tech.pegasys.teku.validator.client.duties.synccommittee.ChainHeadTooOldException: Chain head too old. Head slot: 431, requested slot: 473 (See log file for full stack trace)
cdk-20260216-212314-validator  | 17:11:56.334 WARN  - Validator   *** Skipped aggregation at slot 473 because there was nothing to aggregate
cdk-20260216-212314-validator  | 17:11:57.667 ERROR - Validator   *** Failed to produce sync_signature  Slot: 474 Validator: b8f3af1, 9763dde, 889dbdf, aaddb0c, 8d9dc5d, 930743b, abd1267, 8d8985e, ac69ae9, 8de7ec5, b43ccb0, a878b6b, b320e18, b9882d1, a90dab7, 851cb70, a4ee6d3, 966c488, a0485d7, a35c600… (32 total) tech.pegasys.teku.validator.client.duties.synccommittee.ChainHeadTooOldException: Chain head too old. Head slot: 431, requested slot: 474 (See log file for full stack trace)
cdk-20260216-212314-validator  | 17:11:58.334 WARN  - Validator   *** Skipped aggregation at slot 474 because there was nothing to aggregate
cdk-20260216-212314-validator  | 17:11:59.667 ERROR - Validator   *** Failed to produce sync_signature  Slot: 475 Validator: b8f3af1, 9763dde, 889dbdf, aaddb0c, 8d9dc5d, 930743b, abd1267, 8d8985e, ac69ae9, 8de7ec5, b43ccb0, a878b6b, b320e18, b9882d1, a90dab7, 851cb70, a4ee6d3, 966c488, a0485d7, a35c600… (32 total) tech.pegasys.teku.validator.client.duties.synccommittee.ChainHeadTooOldException: Chain head too old. Head slot: 431, requested slot: 475 (See log file for full stack trace)
cdk-20260216-212314-validator  | 17:12:00.333 WARN  - Validator   *** Skipped aggregation at slot 475 because there was nothing to aggregate
cdk-20260216-212314-validator  | 17:12:01.667 ERROR - Validator   *** Failed to produce sync_signature  Slot: 476 Validator: b8f3af1, 9763dde, 889dbdf, aaddb0c, 8d9dc5d, 930743b, abd1267, 8d8985e, ac69ae9, 8de7ec5, b43ccb0, a878b6b, b320e18, b9882d1, a90dab7, 851cb70, a4ee6d3, 966c488, a0485d7, a35c600… (32 total) tech.pegasys.teku.validator.client.duties.synccommittee.ChainHeadTooOldException: Chain head too old. Head slot: 431, requested slot: 476 (See log file for full stack trace)
cdk-20260216-212314-validator  | 17:12:02.334 WARN  - Validator   *** Skipped aggregation at slot 476 because there was nothing to aggregate
cdk-20260216-212314-validator  | 17:12:03.668 ERROR - Validator   *** Failed to produce sync_signature  Slot: 477 Validator: b8f3af1, 9763dde, 889dbdf, aaddb0c, 8d9dc5d, 930743b, abd1267, 8d8985e, ac69ae9, 8de7ec5, b43ccb0, a878b6b, b320e18, b9882d1, a90dab7, 851cb70, a4ee6d3, 966c488, a0485d7, a35c600… (32 total) tech.pegasys.teku.validator.client.duties.synccommittee.ChainHeadTooOldException: Chain head too old. Head slot: 431, requested slot: 477 (See log file for full stack trace)
cdk-20260216-212314-validator  | 17:12:04.334 WARN  - Validator   *** Skipped aggregation at slot 477 because there was nothing to aggregate
cdk-20260216-212314-validator  | 17:12:05.668 ERROR - Validator   *** Failed to produce sync_signature  Slot: 478 Validator: b8f3af1, 9763dde, 889dbdf, aaddb0c, 8d9dc5d, 930743b, abd1267, 8d8985e, ac69ae9, 8de7ec5, b43ccb0, a878b6b, b320e18, b9882d1, a90dab7, 851cb70, a4ee6d3, 966c488, a0485d7, a35c600… (32 total) tech.pegasys.teku.validator.client.duties.synccommittee.ChainHeadTooOldException: Chain head too old. Head slot: 431, requested slot: 478 (See log file for full stack trace)
cdk-20260216-212314-validator  | 17:12:06.334 WARN  - Validator   *** Skipped aggregation at slot 478 because there was nothing to aggregate
cdk-20260216-212314-validator  | 17:12:07.667 ERROR - Validator   *** Failed to produce sync_signature  Slot: 479 Validator: b8f3af1, 9763dde, 889dbdf, aaddb0c, 8d9dc5d, 930743b, abd1267, 8d8985e, ac69ae9, 8de7ec5, b43ccb0, a878b6b, b320e18, b9882d1, a90dab7, 851cb70, a4ee6d3, 966c488, a0485d7, a35c600… (32 total) tech.pegasys.teku.validator.client.duties.synccommittee.ChainHeadTooOldException: Chain head too old. Head slot: 431, requested slot: 479 (See log file for full stack trace)
cdk-20260216-212314-validator  | 17:12:08.334 WARN  - Validator   *** Skipped aggregation at slot 479 because there was nothing to aggregate
cdk-20260216-212314-validator  | 17:12:09.668 ERROR - Validator   *** Failed to produce sync_signature  Slot: 480 Validator: b8f3af1, 9763dde, 889dbdf, aaddb0c, 8d9dc5d, 930743b, abd1267, 8d8985e, ac69ae9, 8de7ec5, b43ccb0, a878b6b, b320e18, b9882d1, a90dab7, 851cb70, a4ee6d3, 966c488, a0485d7, a35c600… (32 total) tech.pegasys.teku.validator.client.duties.synccommittee.ChainHeadTooOldException: Chain head too old. Head slot: 431, requested slot: 480 (See log file for full stack trace)
cdk-20260216-212314-validator  | 17:12:10.334 WARN  - Validator   *** Skipped aggregation at slot 480 because there was nothing to aggregate
^C
brolygon@brolygon:~/Documents/polygon/aggkit/test/e2e/envs/op-pp$ 
